Opened file with command: gunzip -c ../new_traces/sml.ptr.gz 
Processor Settings
R: 3
k0: 2
k1: 1
k2: 2
F: 4

INST	FETCH	DISP	SCHED	EXEC	STATE
1	1	2	3	4	5
2	1	2	3	4	5
3	1	2	3	4	5
4	1	2	3	5	6
5	2	3	4	5	6
6	2	3	4	6	7
7	2	3	4	5	6
8	2	3	4	6	7
9	3	4	5	6	7
10	3	4	5	7	8
11	3	4	7	8	9
12	3	4	7	8	9
13	4	5	7	9	10
14	4	5	8	9	10
15	4	5	8	9	10
16	4	5	8	10	11
17	5	6	9	10	11
18	5	6	9	10	11
19	5	6	9	10	12
20	5	6	10	12	13
21	6	7	11	12	13
22	6	7	11	12	13
23	6	7	12	13	14
24	6	7	12	13	14
25	7	8	12	13	14
26	7	8	13	14	15
27	7	8	13	14	15
28	7	8	13	15	16
29	8	9	14	15	16
30	8	9	15	16	17
31	8	9	15	16	17
32	8	9	15	16	17
33	9	10	16	17	18
34	9	10	16	17	18
35	9	10	16	17	18
36	9	10	17	18	19
37	10	11	17	18	19
38	10	11	18	19	20
39	10	11	18	19	20
40	10	11	19	20	21
41	11	12	19	20	21
42	11	12	19	20	21
43	11	12	20	21	22
44	11	12	20	21	22
45	12	13	20	21	22
46	12	13	21	22	23
47	12	13	21	22	23
48	12	13	22	23	24
49	13	14	22	23	24
50	13	14	23	24	25
51	13	14	23	24	25
52	13	14	23	24	25
53	14	15	24	25	26
54	14	15	24	25	26
55	14	15	24	25	26
56	14	15	25	26	27
57	15	16	25	26	27
58	15	16	26	27	28
59	15	16	26	27	28
60	15	16	27	28	29
61	16	17	27	28	29
62	16	17	27	28	29
63	16	17	28	29	30
64	16	17	28	29	30
65	17	18	28	30	31
66	17	18	29	31	32
67	17	18	29	32	33
68	17	18	30	33	34
69	18	19	30	34	35
70	18	19	31	32	33
71	18	19	31	32	33
72	18	19	31	33	34
73	19	20	32	33	34
74	19	20	32	35	36
75	19	20	33	36	37
76	19	20	34	37	38
77	20	21	35	38	39
78	20	21	35	39	40
79	20	21	35	40	41
80	20	21	36	37	38
81	21	22	36	41	42
82	21	22	36	42	43
83	21	22	37	43	44
84	21	22	38	44	45
85	22	23	39	45	46
86	22	23	40	46	47
87	22	23	40	47	48
88	22	23	41	48	49
89	23	24	42	43	44
90	23	24	43	44	45
91	23	24	44	49	50
92	23	24	45	50	51
93	24	25	46	51	52
94	24	25	46	52	53
95	24	25	47	53	54
96	24	25	47	54	55
97	25	26	48	55	56
98	25	26	49	56	57
99	25	26	50	57	58
100	25	26	51	58	59

Processor stats:
Total instructions: 100
Total run time (cycles): 59
Avg inst retired per cycle: 1.694915
Maximum Dispatch queue size: 41
Avg Dispatch queue size: 16.152542
